   3.7009354e+01   1.8255089e+01   4.9919829e+01   1.9384611e+01
   4.8700719e+01   1.3103384e+02   5.9190720e+01   1.3195160e+02
   7.7193970e+01   1.9249213e+02   8.9164870e+01   1.9353945e+02
   8.3319160e+01   5.4638737e+01   9.5930860e+01   5.5742123e+01
   4.7867054e+01   8.4181771e+01   6.1580480e+01   8.5381546e+01
   1.0000000e-06   1.9125523e+02   1.0551003e+01   1.9217832e+02
   2.1344861e+01   1.6509394e+02   3.7081137e+01   1.6647070e+02
   7.3029200e+01   2.3312728e+01   8.3597430e+01   2.4237330e+01
   8.4276660e+01   6.3828053e+01   9.7389570e+01   6.4975285e+01
   3.7796732e+01   1.3182902e+02   5.2018970e+01   1.3307330e+02
   2.9214066e+01   6.2087109e+01   4.3437965e+01   6.3331543e+01
   1.0000000e-06   9.0293350e+01   9.6088110e+00   9.1134018e+01
   1.0000000e+02   1.8580907e+02   9.0309690e+01   1.8496128e+02
   9.6554970e+00   8.0861153e+01   2.3418902e+01   8.2065300e+01
   6.0785610e+01   2.4085824e+01   7.5302020e+01   2.5355848e+01
   5.3649890e+01   7.5139694e+01   6.8708400e+01   7.6457150e+01
   1.2586690e+01   1.0195923e+02   2.4713391e+01   1.0302018e+02
   6.5916950e+01   9.2737557e+01   7.8849710e+01   9.3869026e+01
   1.0000000e-06   7.8778498e+00   1.0165156e+01   8.7671873e+00
   9.3646090e+00   1.5115145e+02   2.4225666e+01   1.5245162e+02
   3.4625349e+01   3.8813660e+00   4.9137636e+01   5.1510288e+00
   2.0086692e+01   1.7063161e+02   3.2282627e+01   1.7169862e+02
   1.0000000e-06   7.8464749e+01   9.2016280e+00   7.9269787e+01
   1.4069569e+01   3.5668385e+01   2.7332002e+01   3.6828699e+01
   4.6823938e+01   1.1377429e+02   5.8020130e+01   1.1475383e+02
   8.1204420e+01   1.3037676e+02   9.1076820e+01   1.3124049e+02
   1.0000000e-06   8.5958756e+01   6.0609860e+00   8.6489022e+01
   7.8751450e+01   1.5889642e+01   9.3475390e+01   1.7177822e+01
   2.1965581e+01   4.4920460e+01   3.7607548e+01   4.6288958e+01
   8.0383880e+00   1.9402512e+02   2.3495774e+01   1.9537748e+02
   8.4640150e+01   7.6761395e+01   9.8157340e+01   7.7944000e+01
   4.0916580e+01   1.3756344e+02   5.2076700e+01   1.3853983e+02
   2.1906325e+01   3.3382390e+01   3.2965683e+01   3.4349961e+01
   7.7779490e+01   4.4328251e+01   9.1438390e+01   4.5523251e+01
   5.1366780e+01   1.6986117e+02   6.5654130e+01   1.7111115e+02
   6.7893070e+01   1.5385638e+02   8.2541540e+01   1.5513796e+02
   4.0438160e+00   6.8340576e+01   1.8355715e+01   6.9592709e+01
   4.2353998e+01   1.9576829e+02   5.6628350e+01   1.9701713e+02
   4.1606150e+01   1.7573789e+02   5.2484180e+01   1.7668960e+02
   8.3379760e+01   4.9070919e+01   9.5739030e+01   5.0152218e+01
   3.6072467e+01   3.8568510e+01   5.1310120e+01   3.9901634e+01
   6.0804330e+01   1.0787537e+02   7.6418770e+01   1.0924146e+02
   3.6858300e+00   1.8869086e+01   1.6140397e+01   1.9958721e+01
   5.5100310e+01   8.8814224e+01   6.5973610e+01   8.9765511e+01
   2.8741512e+01   1.8939811e+02   4.1442930e+01   1.9050933e+02
   2.4911154e+01   3.8268971e+01   3.5208956e+01   3.9169913e+01
   1.4731097e+01   8.9567978e+00   2.7954064e+01   1.0113659e+01
   1.0000000e+02   1.3530806e+02   9.0964610e+01   1.3451756e+02
   6.6847100e+01   2.9266911e+01   8.0866940e+01   3.0493489e+01
   6.2781630e+01   1.6710166e+02   7.2374410e+01   1.6794091e+02
   5.2659830e+01   5.1188675e+01   6.6876780e+01   5.2432499e+01
   7.5072840e+01   1.8899009e+02   8.9286630e+01   1.9023364e+02
   8.5022690e+01   9.4175045e+00   9.9650960e+01   1.0697314e+01
   3.1897514e+01   1.4886251e+02   4.5341102e+01   1.5003867e+02
   5.3402890e+00   1.6673119e+02   2.0646941e+01   1.6807037e+02
   8.3009820e+01   1.4193489e+02   9.6578590e+01   1.4312200e+02
   5.4548560e+01   1.4214037e+02   6.9420190e+01   1.4344148e+02
   1.0000000e-06   7.0969532e+01   7.7514810e+00   7.1647701e+01
   7.1569020e+01   1.0393507e+02   8.4098530e+01   1.0503126e+02
   3.8183950e+01   8.1213772e+01   5.2366520e+01   8.2454590e+01
   5.3352540e+01   1.6181007e+02   6.8975210e+01   1.6317687e+02
   6.3121700e+01   7.3210327e+01   7.7752570e+01   7.4490368e+01
   3.2434154e+01   1.2587412e+02   4.5148186e+01   1.2698645e+02
   5.5425850e+01   1.2054667e+02   6.4424270e+01   1.2133393e+02
   4.9508992e+01   1.6780784e+02   6.2668570e+01   1.6895916e+02
   8.0417930e+01   3.6973471e+01   9.5213510e+01   3.8267920e+01
   3.6208298e+01   1.5527807e+02   4.7968281e+01   1.5630694e+02
   1.4868740e+00   1.3866493e+02   1.3015364e+01   1.3967355e+02
   2.2726600e+00   1.8668177e+02   1.7039965e+01   1.8797375e+02
   1.0000000e-06   6.2872410e+01   6.1518810e+00   6.3410629e+01
   5.5981950e+01   9.8729782e+01   6.5532840e+01   9.9565376e+01
   7.1627600e+00   1.4082726e+02   1.9322711e+01   1.4189111e+02
   8.2199410e+01   1.2231284e+02   9.3675100e+01   1.2331683e+02
   6.6216760e+01   1.3805427e+02   8.2051150e+01   1.3943960e+02
   4.6426740e+01   1.4677573e+02   5.6098820e+01   1.4762194e+02
   1.0000000e+02   1.7167542e+02   9.1596440e+01   1.7094021e+02
   6.9745120e+01   1.2364730e+02   8.1806260e+01   1.2470251e+02
   4.4567207e+01   1.7899967e+02   5.5568420e+01   1.7996217e+02
   1.9278853e+01   1.6089654e+02   3.0983619e+01   1.6192057e+02
   6.9411490e+01   1.4813486e+02   8.2498350e+01   1.4927982e+02
   1.0000000e-06   1.1633491e+02   9.3981180e+00   1.1715714e+02
   6.6900260e+01   1.1604690e+02   8.1342540e+01   1.1731043e+02
   9.2805030e+00   5.1232948e+01   2.4137232e+01   5.2532746e+01
   8.5391030e+01   1.1920035e+02   9.8360960e+01   1.2033507e+02
   6.8413400e+01   3.5853235e+00   8.0929380e+01   4.6803314e+00
   2.1024320e+01   9.2862313e+01   3.3042042e+01   9.3913727e+01
   1.0000000e+02   1.9771227e+02   9.0564680e+01   1.9688679e+02
   3.7259488e+01   7.8210564e+01   4.8542777e+01   7.9197724e+01
   5.3130540e+01   1.1186037e+02   6.7599660e+01   1.1312627e+02
   5.6493570e+01   1.7208973e+02   6.7905340e+01   1.7308813e+02
   1.6470681e+01   1.7899401e+02   2.6034191e+01   1.7983071e+02
   1.9599907e+01   9.9874916e+01   1.8235974e+01   1.1546474e+02
   2.0379193e+01   8.0427788e+01   1.9514027e+01   9.0316628e+01
   9.1161540e+01   4.9063339e+01   8.9944910e+01   6.2969437e+01
   5.6925870e+01   3.7169068e+01   5.5589430e+01   5.2444657e+01
   7.0819110e+01   9.6444542e+01   6.9521450e+01   1.1127687e+02
   8.7057230e+01   6.2940910e+01   8.6231730e+01   7.2376442e+01
   9.8444660e+01   1.2440403e+02   9.7231630e+01   1.3826902e+02
   9.7104270e+01   7.1174095e+01   9.5831910e+01   8.5717156e+01
   1.3073803e+01   1.3506193e+02   1.2019379e+01   1.4711405e+02
   9.1252480e+00   1.0546696e+02   7.9338500e+00   1.1908471e+02
   3.4726090e+01   1.5773824e+02   3.3743197e+01   1.6897274e+02
   9.9470270e+01   8.4738313e+00   9.8364840e+01   2.1108933e+01
   6.3383560e+00   1.3000000e-07   5.5029760e+00   9.5484315e+00
   5.9618300e+00   1.8126370e+02   5.0327880e+00   1.9188273e+02
   4.7467628e+01   1.4929474e+02   4.6490535e+01   1.6046295e+02
   9.4970960e+01   1.7817882e+02   9.3996950e+01   1.8931175e+02
   5.7799070e+01   7.1205086e+01   5.6574590e+01   8.5200981e+01
   4.1741911e+01   1.4232055e+02   4.0482727e+01   1.5671307e+02
   3.8940426e+01   4.8224030e+01   3.7566746e+01   6.3925255e+01
   8.9754400e+01   1.3458557e+01   8.8886540e+01   2.3378250e+01
   3.3703120e+01   1.4878045e+02   3.2814036e+01   1.5894273e+02
   9.9878120e+00   1.5074266e+02   9.0016750e+00   1.6201427e+02
   7.3236330e+01   6.5312622e+01   7.1957490e+01   7.9929802e+01
   8.5868360e+01   3.3762543e+01   8.4527390e+01   4.9089966e+01
   6.7692640e+01   1.3786622e+02   6.6855030e+01   1.4744010e+02
   1.6305195e+01   6.7593155e+01   1.5162293e+01   8.0656601e+01
   7.7393740e+01   9.1183571e+01   7.6072000e+01   1.0629118e+02
   3.6660528e+01   1.1519106e+02   3.5376272e+01   1.2987016e+02
   7.5035970e+01   1.3016790e+02   7.3660290e+01   1.4589195e+02
   7.3516640e+01   1.0328077e+02   7.2286320e+01   1.1734335e+02
   6.1115600e+01   7.9133698e+01   5.9946210e+01   9.2499878e+01
   9.7015990e+01   1.2322572e+02   9.5935130e+01   1.3557998e+02
   7.3816170e+01   2.2263185e+00   7.3027800e+01   1.1237396e+01
   2.1465077e+01   1.5477000e+02   2.0336624e+01   1.6766823e+02
   8.5590670e+01   1.3503565e+02   8.4263710e+01   1.5020290e+02
   9.0321590e+01   1.3599605e+02   8.9397640e+01   1.4655685e+02
   4.3330267e+01   6.8538208e+01   4.2162396e+01   8.1887039e+01
   3.9302605e+01   1.1906684e+02   3.8041729e+01   1.3347871e+02
   7.7090910e+00   6.8471832e+01   6.6227110e+00   8.0889221e+01
   9.5431610e+01   1.6187063e+02   9.4546780e+01   1.7198427e+02
   5.8694970e+01   4.9367539e+01   5.7807350e+01   5.9513046e+01
   3.2486647e+01   1.8385373e+02   3.1533659e+01   1.9474642e+02
   5.0121560e+01   1.7747686e+02   4.8907681e+01   1.9135150e+02
   8.3664450e+01   1.2325694e+02   8.2476440e+01   1.3683595e+02
   6.3180040e+01   1.3798133e+02   6.1978820e+01   1.5171132e+02
   7.6538550e+01   7.3574463e+01   7.5676510e+01   8.3427689e+01
   9.8286060e+01   2.0000000e+02   9.9149880e+01   1.9012661e+02
   5.6311080e+00   1.6073319e+01   4.4612770e+00   2.9444550e+01
