   2.8316550e+00   1.6805339e+02   1.4778193e+01   1.6909858e+02
   2.1591659e+01   7.9716405e+01   3.4377900e+01   8.0835058e+01
   2.8225866e+01   1.0219301e+02   3.9049840e+01   1.0313999e+02
   4.0000000e-06   8.2882398e+01   7.5577600e+00   8.3543622e+01
   8.5322340e+01   1.6397652e+02   9.4969480e+01   1.6482054e+02
   6.7866300e+01   1.1037539e+02   8.3470110e+01   1.1174055e+02
   4.9765249e+01   9.4572797e+01   6.0694390e+01   9.5528974e+01
   6.3591000e+00   6.9738927e+01   2.1074144e+01   7.1026334e+01
   6.5019470e+00   1.0016938e+02   2.0552310e+01   1.0139863e+02
   1.1667750e+01   1.0699430e+01   2.6138608e+01   1.1965467e+01
   1.0000001e+02   2.9083990e+00   9.1511430e+01   2.1657385e+00
   8.2706490e+01   5.7884802e+00   9.7456930e+01   7.0789770e+00
   4.0000000e-06   1.5570965e+02   8.2606870e+00   1.5643236e+02
   6.4574190e+01   1.6363776e+02   7.6686260e+01   1.6469743e+02
   3.1335290e+01   3.5871046e+01   4.2743158e+01   3.6869108e+01
   8.0645260e+01   3.5113782e+01   9.3153500e+01   3.6208127e+01
   7.2403900e-01   1.1964371e+02   1.2932194e+01   1.2071179e+02
   4.2725713e+01   1.6756836e+02   5.4398600e+01   1.6858961e+02
   4.6083982e+01   1.3020440e+02   5.8570680e+01   1.3129685e+02
   6.8142320e+01   1.5874996e+02   7.8508440e+01   1.5965688e+02
   4.0000000e-06   1.2839051e+02   9.1918570e+00   1.2919470e+02
   4.0000000e-06   1.8506203e+02   1.3819754e+01   1.8627110e+02
   4.0000000e-06   1.5743709e+02   1.1764440e+01   1.5846634e+02
   5.2993410e+01   9.2021161e+01   6.7426230e+01   9.3283872e+01
   2.2457633e+01   1.4762657e+02   3.1707189e+01   1.4843581e+02
   6.6661360e+01   4.4533132e+01   7.6722070e+01   4.5413335e+01
   7.8513170e+01   1.7958795e+02   9.0593760e+01   1.8064486e+02
   3.1736862e+01   1.0888925e+02   4.2262632e+01   1.0981013e+02
   9.0589250e+01   3.8813291e+01   9.9762360e+01   3.9615842e+01
   4.3764726e+01   1.6449361e+02   5.2752500e+01   1.6527994e+02
   4.7795720e+01   1.3609521e+02   6.3558890e+01   1.3747431e+02
   2.3353723e+01   8.3512685e+01   3.8720670e+01   8.4857122e+01
   3.3778650e+00   1.4135180e+02   1.2481115e+01   1.4214823e+02
   1.2187579e+01   1.5725266e+02   2.5270501e+01   1.5839727e+02
   5.7927270e+01   9.2930884e+00   6.7568650e+01   1.0136594e+01
   4.0000000e-06   1.2393860e+02   1.0686613e+01   1.2487356e+02
   4.0000000e-06   3.2532361e+01   5.6970520e+00   3.3030790e+01
   7.5494980e+01   9.2602209e+00   9.0448370e+01   1.0568464e+01
   1.4107246e+01   1.8000778e+02   2.6005842e+01   1.8104878e+02
   4.8731340e+01   6.4807882e+01   6.2154930e+01   6.5982297e+01
   7.6344980e+01   1.7675473e+02   8.6942770e+01   1.7768191e+02
   7.4628790e+01   3.8642286e+01   8.9828840e+01   3.9972120e+01
   1.0000001e+02   8.5312856e+01   9.3243850e+01   8.4721769e+01
   6.4076970e+01   4.1888929e+01   7.3320680e+01   4.2697652e+01
   4.0000000e-06   1.8232709e+02   7.0444760e+00   1.8294340e+02
   1.2411108e+01   3.5647230e+01   2.7348302e+01   3.6954069e+01
   5.4965640e+01   2.2906660e+01   6.7734640e+01   2.4023801e+01
   4.5394372e+01   3.9279630e+01   5.7743600e+01   4.0360059e+01
   6.9649180e+01   5.9919867e+00   8.0015040e+01   6.8988776e+00
   7.7228810e+01   8.4945119e+01   9.1313210e+01   8.6177343e+01
   1.1929368e+01   4.3528989e+01   2.4855556e+01   4.4659887e+01
   8.8154810e+01   6.0590551e+01   9.9020840e+01   6.1541204e+01
   5.0500400e+01   3.4043500e+01   6.2621200e+01   3.5103940e+01
   3.2685262e+01   1.9918424e+01   4.2011022e+01   2.0734327e+01
   1.2667841e+01   1.5317369e+02   2.7205661e+01   1.5444559e+02
   6.7091830e+01   8.7570768e+01   7.8257620e+01   8.8547651e+01
   3.0277984e+01   1.5283135e+02   4.1689260e+01   1.5382971e+02
   4.2184446e+01   1.4668526e+02   5.2927550e+01   1.4762516e+02
   6.9764330e+01   5.3455572e+01   8.4424660e+01   5.4738187e+01
   8.4873480e+01   2.0906248e+01   9.8729880e+01   2.2118513e+01
   8.1253400e+01   1.7502533e+02   9.3077280e+01   1.7605978e+02
   2.0075765e+01   9.7831800e+01   3.5276090e+01   9.9161657e+01
   5.5516750e+01   1.5907274e+02   6.4621260e+01   1.5986928e+02
   5.1283880e+01   8.8873937e+01   6.0972300e+01   8.9721570e+01
   1.7304345e+01   5.9090398e+01   2.6335782e+01   5.9880544e+01
   3.0823440e+01   7.0966398e+01   4.4280485e+01   7.2143735e+01
   6.0860250e+00   1.3840899e+02   1.8281148e+01   1.3947593e+02
   6.5578700e+01   9.9110334e+01   7.6760790e+01   1.0008864e+02
   1.1105358e+01   1.4623395e+02   2.1842035e+01   1.4717329e+02
   4.7401864e+01   1.7507764e+02   5.8266950e+01   1.7602821e+02
   5.7513970e+01   1.7330431e+02   7.2180450e+01   1.7458746e+02
   5.0070960e+01   1.1613835e+02   6.5506890e+01   1.1748882e+02
   2.7903114e+01   5.6192106e+01   3.8858163e+01   5.7150548e+01
   8.5901460e+01   4.3548231e+01   9.5192380e+01   4.4361082e+01
   4.0000000e-06   6.2167654e+01   7.2253340e+00   6.2799787e+01
   4.3139300e+00   1.6450772e+02   1.8424528e+01   1.6574224e+02
   5.8696280e+01   1.3426451e+02   7.4089760e+01   1.3561127e+02
   3.3533832e+01   1.3653252e+02   4.5500924e+01   1.3757951e+02
   7.4712510e+01   1.8628508e+02   8.5136780e+01   1.8719708e+02
   5.4067260e+01   3.7182813e+01   6.6004010e+01   3.8227140e+01
   8.7886100e+01   1.9559279e+02   9.8690690e+01   1.9653807e+02
   1.0000001e+02   9.0860685e+01   9.2793390e+01   9.0230184e+01
   2.4980588e+01   1.7907868e+02   3.6409292e+01   1.8007856e+02
   1.0000001e+02   1.8801105e+02   9.2309220e+01   1.8733819e+02
   1.5150322e+01   2.5259382e+01   2.9725385e+01   2.6534543e+01
   1.0000001e+02   5.8474790e+01   9.3164540e+01   5.7876760e+01
   4.8874448e+01   2.9872587e+01   6.2200140e+01   3.1038450e+01
   7.2514380e+01   6.1354139e+01   8.2329550e+01   6.2212858e+01
   6.7294620e+01   2.8078138e+01   8.0264650e+01   2.9212873e+01
   2.0664085e+01   1.1443897e+02   3.5640741e+01   1.1574926e+02
   8.7957300e+01   1.1630882e+02   9.8043580e+01   1.1719125e+02
   1.8201192e+01   1.3535544e+02   2.8811120e+01   1.3628369e+02
   4.3697225e+01   4.6715002e+01   5.8751010e+01   4.8032041e+01
   4.1038331e+01   1.7962064e+01   5.4161210e+01   1.9110166e+01
   5.3749840e+01   1.2222418e+02   6.2625640e+01   1.2300071e+02
   1.6477064e+01   1.6269486e+02   2.9335002e+01   1.6381978e+02
   8.5240600e+01   3.0559415e+01   9.7637440e+01   3.1643995e+01
   3.6659929e+01   4.3340017e+01   5.0520650e+01   4.4552671e+01
   4.9315122e+01   1.4350202e+02   6.1587720e+01   1.4457574e+02
   1.0000001e+02   7.4137609e+01   8.8430330e+01   7.3125394e+01
   4.0310000e+00   1.0567934e+02   1.6204994e+01   1.0674443e+02
   4.0000000e-06   1.9253821e+00   1.1703729e+01   2.9493384e+00
   5.4400080e+01   1.7739218e+02   6.4739450e+01   1.7829676e+02
   3.9548108e+01   1.2217830e+02   4.9564924e+01   1.2305466e+02
   4.0000000e-06   9.2609571e+01   8.1141800e+00   9.3319471e+01
   3.3720762e+01   1.9821451e+02   4.8328325e+01   1.9949251e+02
   6.7546150e+01   2.9717420e+01   7.7966460e+01   3.0629087e+01
   7.7076240e+00   3.3205976e+01   2.0580226e+01   3.4332181e+01
   3.3981841e+01   5.4683752e+01   4.5607335e+01   5.5700849e+01
   1.7291788e+01   1.3252164e+01   2.9570466e+01   1.4326414e+01
   6.4677260e+01   7.6726003e+01   7.9850470e+01   7.8053487e+01
   7.8137140e+01   1.6792309e+02   9.3491870e+01   1.6926646e+02
   5.0438800e+01   1.2231046e+01   6.5620760e+01   1.3559308e+01
   4.9766820e+00   2.6168195e+01   1.4730982e+01   2.7021589e+01
   3.6114736e+01   5.1765570e+00   4.5744356e+01   6.0190405e+00
   1.9673782e+01   1.4028394e+02   2.8707298e+01   1.4107428e+02
   3.8911958e+01   6.6714689e+01   5.3363130e+01   6.7979001e+01
   8.0140870e+01   9.8494375e+01   8.9199220e+01   9.9286878e+01
   8.5323410e+01   1.1249548e+02   9.6048230e+01   1.1343379e+02
   4.0000000e-06   3.7354261e+01   1.0543263e+01   3.8276685e+01
   1.8782452e+01   1.9665446e+02   3.3136237e+01   1.9791026e+02
   3.9175668e+01   1.5711225e+01   5.4833760e+01   1.7081144e+01
   4.1378492e+01   9.1271718e+01   5.2492620e+01   9.2244077e+01
   7.9499820e+01   1.8364777e+02   8.9238450e+01   1.8449979e+02
   1.7826340e+00   5.8843038e+01   1.4095245e+01   5.9920255e+01
   6.1371330e+01   1.0236421e+02   7.2210100e+01   1.0331248e+02
   2.2372028e+01   3.2257688e+01   3.7688249e+01   3.3597684e+01
   9.0116100e-01   9.0481611e+01   1.3812421e+01   9.1611204e+01
   3.9977613e+01   8.3952039e+01   5.3916880e+01   8.5171575e+01
   5.8565080e+01   6.7937963e+01   7.0052080e+01   6.8942945e+01
   8.4496980e+01   8.7531171e+01   9.8693850e+01   8.8773237e+01
   2.9770652e+01   8.7409696e+01   4.1371614e+01   8.8424650e+01
   5.6509920e+01   1.5705559e+02   6.5484350e+01   1.5784075e+02
   1.0000001e+02   1.4295606e+02   9.0414710e+01   1.4211745e+02
   2.3088680e+00   7.1484601e+01   1.4759743e+01   7.2573911e+01
   1.9688867e+01   6.0036444e+00   3.0136003e+01   6.9176611e+00
   2.8757682e+01   4.7594251e+01   3.9395360e+01   4.8524930e+01
   3.0118444e+01   7.5423948e+01   4.3272176e+01   7.6574750e+01
   8.5306080e+01   1.0592963e+02   9.8290430e+01   1.0706561e+02
   3.1748730e+00   1.1501164e+02   1.2884838e+01   1.1586116e+02
   1.5532296e+01   2.8019559e+01   2.4476543e+01   2.8802076e+01
   2.9102403e+01   6.8272664e+01   3.9063768e+01   6.9144178e+01
   3.0867420e+01   1.7550400e+02   4.2267354e+01   1.7650136e+02
   3.4203200e+00   2.0457075e+01   1.7726893e+01   2.1708738e+01
   1.0601756e+01   1.1094835e+02   2.3950017e+01   1.1211617e+02
   2.5999978e+01   9.3980321e+01   4.0430364e+01   9.5242818e+01
   1.6941650e+00   1.0855162e+02   1.7459126e+01   1.0993088e+02
   5.2139700e+00   3.9885847e+01   1.9135446e+01   4.1103811e+01
   2.1881507e+01   1.5984845e+02   3.3557329e+01   1.6086995e+02
   9.3308260e+00   5.2950574e+01   2.3908523e+01   5.4225957e+01
   1.6178789e+01   1.7532353e+02   2.7622959e+01   1.7632477e+02
   4.1959741e+01   1.7846413e+02   5.2725750e+01   1.7940604e+02
   6.1948710e+01   5.9186597e+01   7.2034740e+01   6.0069013e+01
   1.0000001e+02   5.4128019e+01   8.7175020e+01   5.3005979e+01
   6.9813670e+01   1.0748903e+02   8.0142180e+01   1.0839266e+02
   2.1896022e+01   1.7175324e+02   3.1056455e+01   1.7255467e+02
   6.2992180e+01   7.1239217e+01   7.3705140e+01   7.2176481e+01
   4.0000000e-06   2.3017423e+01   1.4092884e+01   2.4250394e+01
   4.0000000e-06   1.1653809e+02   1.0402876e+01   1.1744822e+02
   4.9854444e+01   1.3924921e+02   6.2238130e+01   1.4033264e+02
   1.9129388e+01   1.2296659e+02   2.9845657e+01   1.2390415e+02
   7.2899390e+01   9.2821371e+01   8.3112600e+01   9.3714918e+01
   6.1539130e+00   1.9019419e+02   2.1988588e+01   1.9157955e+02
   9.2683560e+00   1.5627012e+01   2.2362293e+01   1.6772581e+01
   3.4743310e+01   1.3293689e+02   4.6397497e+01   1.3395651e+02
   2.9771810e+01   1.5109004e+02   3.9232274e+01   1.5191772e+02
   5.2494420e+01   5.5215642e+01   6.3008390e+01   5.6135496e+01
   4.6835466e+01   4.9844762e+01   5.9361390e+01   5.0940641e+01
   6.5647200e+01   1.5247378e+02   7.8135340e+01   1.5356636e+02
   4.7239011e+01   1.2795410e+02   5.9319480e+01   1.2901100e+02
   8.5195150e+01   9.6511960e+01   9.7889110e+01   9.7622541e+01
   1.0000001e+02   1.3292079e+02   8.6626670e+01   1.3175077e+02
   7.4756940e+01   1.2192656e+02   9.0074540e+01   1.2326668e+02
   3.0889726e+01   2.9019773e+01   3.9987264e+01   2.9815717e+01
   7.6042880e+01   1.3258749e+02   8.8384630e+01   1.3366726e+02
   4.4635850e+01   1.4061090e+02   5.7139680e+01   1.4170485e+02
   8.4371250e+01   3.0642981e+00   9.9861740e+01   4.4195380e+00
   5.3625760e+01   7.9184102e+01   6.7019200e+01   8.0355878e+01
   7.8910890e+01   1.5317855e+02   8.8683190e+01   1.5403352e+02
   5.0201440e+01   1.0201066e+02   6.0889330e+01   1.0294574e+02
   4.0176126e+01   9.7924558e+01   5.3802500e+01   9.9116712e+01
   3.9409471e+01   4.0834394e+01   5.1840690e+01   4.1921979e+01
   1.0000001e+02   2.7115476e+01   8.6932760e+01   2.5972227e+01
   2.2980745e+01   1.0483287e+02   3.3406797e+01   1.0574503e+02
   4.3926298e+01   1.8422679e+02   5.8434920e+01   1.8549614e+02
   3.3342702e+01   1.0420895e+02   4.3833761e+01   1.0512680e+02
   6.5729650e+01   1.7075181e+02   8.1457330e+01   1.7212780e+02
   4.4078657e+01   8.1128660e+01   5.4278080e+01   8.2021001e+01
   1.1743499e+01   8.2504808e+01   1.0847549e+01   9.2745557e+01
   9.2080860e+01   7.2207299e+01   9.1085560e+01   8.3583680e+01
   3.5899107e+01   1.0864266e+02   3.4994802e+01   1.1897891e+02
   7.2008290e+01   1.7328402e+02   7.1133170e+01   1.8328664e+02
   4.2719587e+01   1.0211943e+02   4.1501821e+01   1.1603853e+02
   2.5212928e+01   1.2655478e+02   2.4191043e+01   1.3823497e+02
   5.4661060e+00   1.7721660e+02   4.5643870e+00   1.8752328e+02
   3.1980236e+01   1.7036527e+02   3.0908834e+01   1.8261144e+02
   4.3172495e+01   1.3663643e+02   4.2193268e+01   1.4782904e+02
   5.0513000e+01   6.9253266e+01   4.9390361e+01   8.2085038e+01
   4.0000000e-06   4.1612516e+01   8.2988100e-01   3.2126981e+01
   1.1788827e+01   2.7625821e+01   1.1001216e+01   3.6628247e+01
   6.5896970e+01   9.9976112e+01   6.4888180e+01   1.1150666e+02
   9.4641100e+01   2.0000000e+02   9.5735960e+01   1.8748571e+02
   5.7264660e+01   1.0648280e+02   5.6206670e+01   1.1857563e+02
   3.4924547e+01   5.0204335e+01   3.3550386e+01   6.5911054e+01
   9.8118060e+01   2.0457532e+01   9.6992730e+01   3.3320127e+01
   3.8204319e+01   1.5292842e+02   3.7356929e+01   1.6261413e+02
   7.0233210e+01   1.5043980e+02   6.8849230e+01   1.6625877e+02
   3.6243810e+01   8.1661679e+01   3.5184038e+01   9.3774930e+01
   5.9059380e+01   4.2516950e+01   5.8025680e+01   5.4332105e+01
   5.6392110e+01   4.4676969e+01   5.5516610e+01   5.4684041e+01
   1.0085876e+01   6.0009015e+01   9.2075820e+00   7.0047952e+01
   6.3845850e+01   1.5072137e+02   6.2920150e+01   1.6130217e+02
   2.1600917e+01   4.5831075e+01   2.0503697e+01   5.8372342e+01
   6.7870380e+00   2.8869222e+01   5.8763870e+00   3.9277997e+01
   3.1857219e+01   7.6562612e+01   3.1073772e+01   8.5517457e+01
   5.3967560e+01   1.7111783e+02   5.2617730e+01   1.8654654e+02
   4.5675392e+01   1.6427970e+02   4.4868370e+01   1.7350400e+02
   8.3885140e+01   1.8495564e+02   8.2830590e+01   1.9700917e+02
   6.4607880e+01   9.0515779e+01   6.3749090e+01   1.0033174e+02
   3.7966940e+00   1.6894190e+02   2.4969040e+00   1.8379854e+02
   7.6544320e+01   6.0621411e+01   7.5336900e+01   7.4422231e+01
   6.8864780e+01   2.2128820e+01   6.7603920e+01   3.6540464e+01
   4.8352829e+01   1.1888753e+02   4.7459873e+01   1.2909405e+02
   1.5387177e+01   1.8403735e+02   1.4040553e+01   1.9942933e+02
   4.4224050e+01   5.3422933e+01   4.3385774e+01   6.3004468e+01
   7.9639410e+01   1.0988701e+02   7.8634870e+01   1.2136896e+02
   8.6342300e+01   3.6251592e+01   8.5100750e+01   5.0442594e+01
   5.6612780e+01   5.9447408e+01   5.5249390e+01   7.5031072e+01
   3.6773182e+01   3.2333379e+01   3.5770294e+01   4.3796430e+01
   3.0947637e+01   3.7802259e+01   2.9684548e+01   5.2239423e+01
   4.0607215e+01   1.6849148e+02   3.9500772e+01   1.8113817e+02
   7.0552950e+01   2.1758872e+01   6.9247690e+01   3.6677970e+01
   1.2162000e+01   2.0000000e+02   1.3087236e+01   1.8942453e+02
   1.9793580e+00   1.3727472e-01   9.7215200e-01   1.1649726e+01
   9.7671150e+01   1.2333184e+02   9.6779290e+01   1.3352585e+02
   9.9255870e+01   3.2148154e+01   9.8104690e+01   4.5306167e+01
   2.0771262e+01   3.3971624e+00   1.9950355e+01   1.2780189e+01
   9.1687940e+01   1.6641394e+02   9.0615420e+01   1.7867287e+02
   5.3163020e+01   2.5048133e+01   5.2187770e+01   3.6195258e+01
   3.0087866e+01   6.6500000e-06   2.9063760e+01   1.1705588e+01
   3.1854480e+01   9.5140365e+01   3.0792116e+01   1.0728323e+02
   8.5129740e+01   1.4544456e+02   8.4225330e+01   1.5578199e+02
   2.3260125e+01   1.4258652e+02   2.2479577e+01   1.5150821e+02
   7.5884210e+01   1.6177940e+02   7.4777310e+01   1.7443129e+02
   4.3692033e+01   5.0412969e+00   4.2677394e+01   1.6638663e+01
   3.3260907e+01   4.3430755e+01   3.1964949e+01   5.8243621e+01
   9.3066810e+01   7.8178618e+01   9.1980170e+01   9.0598937e+01
   6.2859030e+01   1.3491265e+02   6.2025820e+01   1.4443630e+02
   4.1216281e+01   6.1280852e+01   4.0241860e+01   7.2418525e+01
   1.3925193e+01   1.2363070e+02   1.2535907e+01   1.3951029e+02
   6.0510290e+01   1.5908976e+02   5.9259230e+01   1.7338947e+02
   6.9098790e+01   1.2058093e+02   6.7804180e+01   1.3537837e+02
   1.0000000e+02   1.2314231e+02   9.9030880e+01   1.3421945e+02
   8.8413370e+01   1.5709425e+02   8.7285070e+01   1.6999081e+02
   2.2403941e+01   2.0000000e+02   2.2928123e+01   1.9400857e+02
   1.9197314e+01   8.7719092e+01   1.7864354e+01   1.0295489e+02
   6.8725210e+01   6.4738082e+01   6.7769720e+01   7.5659362e+01
   8.3383200e+01   9.3161872e+01   8.2065770e+01   1.0822007e+02
   8.8177910e+01   1.8264333e+02   8.7391030e+01   1.9163742e+02
   3.8519772e+01   1.8912590e+02   3.7638631e+01   1.9919738e+02
   5.2188960e+01   7.4812057e+01   5.1058580e+01   8.7732306e+01
   9.6989220e+01   1.3370601e+02   9.6176640e+01   1.4299379e+02
   1.6456250e+00   8.2367553e+01   3.2320000e-01   9.7482909e+01
   2.7364532e+01   1.4015925e+02   2.6395558e+01   1.5123466e+02
   3.3929935e+01   2.6778510e+01   3.2818043e+01   3.9487494e+01
   9.4063660e+01   2.8904014e+01   9.2765430e+01   4.3742843e+01
   4.3596308e+01   6.8448081e+01   4.2681660e+01   7.8902549e+01
   2.8170798e+01   9.2483779e+01   2.6788476e+01   1.0828377e+02
   4.7589674e+01   9.2785056e+01   4.6817259e+01   1.0161380e+02
   7.3637020e+01   8.6935004e+01   7.2593300e+01   9.8864676e+01
   7.8879570e+01   1.2707344e+02   7.7658430e+01   1.4103107e+02
   1.0000000e+02   6.7522185e+01   9.8909980e+01   7.9981200e+01
   2.7134938e+01   1.2214954e+02   2.6314636e+01   1.3152562e+02
   3.5348788e+01   9.4455993e+01   3.4080725e+01   1.0895002e+02
   2.3570119e+01   9.9757354e+01   2.2666869e+01   1.1008154e+02
   5.4772490e+01   2.0000000e+02   5.6109440e+01   1.8471859e+02
   1.6938283e+01   1.7038592e+02   1.6058416e+01   1.8044284e+02
   2.9391482e+01   7.2602042e+01   2.8101236e+01   8.7349608e+01
   4.1795992e+01   4.5129554e+01   4.0506181e+01   5.9872153e+01
   3.9702804e+01   8.7264762e+01   3.8448833e+01   1.0159772e+02
   7.7123270e+01   1.7741756e+02   7.6157100e+01   1.8846095e+02
   4.3503658e+01   1.7527366e+01   4.2331075e+01   3.0930030e+01
   5.9513830e+01   2.4721534e+01   5.8534030e+01   3.5920646e+01
   4.0281729e+01   2.3115043e+01   3.9032270e+01   3.7396430e+01
   8.7595790e+01   7.6426787e+01   8.6372410e+01   9.0410132e+01
   3.2266990e+01   2.0000000e+02   3.2946079e+01   1.9223798e+02
   2.7489649e+01   2.4971534e+01   2.6346944e+01   3.8032691e+01
   2.8594061e+01   1.6638751e+02   2.7416723e+01   1.7984454e+02
   4.9454950e+00   5.1034209e+01   3.9708360e+00   6.2174590e+01
   6.5310410e+01   1.5670165e+02   6.4216750e+01   1.6920228e+02
   5.0072790e+01   5.4467627e+01   4.8782566e+01   6.9214950e+01
   3.4368650e+01   1.1108161e+01   3.3354146e+01   2.2703971e+01
   2.0979867e+01   1.4580040e+02   2.0083444e+01   1.5604655e+02
   9.5542840e+01   5.5187789e+01   9.4655320e+01   6.5332175e+01
   4.2891558e+01   8.3216140e+01   4.1995005e+01   9.3463782e+01
   1.6090623e+01   3.3659429e+00   1.4742435e+01   1.8775794e+01
   9.8785550e+01   1.7956094e+02   9.7762640e+01   1.9125277e+02
   8.9675840e+01   4.2939672e+00   8.8536270e+01   1.7319221e+01
   1.3519885e+01   8.2241698e+01   1.2367481e+01   9.5413741e+01
   9.4814160e+01   8.4298003e+01   9.3945840e+01   9.4222922e+01
   1.8808490e+01   1.3204414e+02   1.7660764e+01   1.4516269e+02
   9.2049760e+01   4.9852514e+00   9.1053160e+01   1.6376395e+01
   1.7222873e+01   2.5009986e+01   1.6003289e+01   3.8949866e+01
   9.7252350e+01   1.0333259e+01   9.5906340e+01   2.5718223e+01
   9.5428260e+01   1.1475469e+02   9.4095300e+01   1.2999047e+02
   2.1287378e+01   1.2348954e+02   1.9953252e+01   1.3873866e+02
   1.7630359e+01   6.4322700e+01   1.6704725e+01   7.4902747e+01
   9.9927740e+00   1.3359062e+02   8.8172710e+00   1.4702665e+02
   2.0370298e+01   2.0000000e+02   2.1148141e+01   1.9110922e+02
   9.4852590e+01   6.6500000e-06   9.3925220e+01   1.0599875e+01
   1.9566112e+01   1.1070715e+02   1.8686752e+01   1.2075827e+02
   5.7996960e+01   6.3586501e+01   5.6733260e+01   7.8030669e+01
   7.8220110e+01   4.4959258e+01   7.7230050e+01   5.6275649e+01
   8.9875130e+01   2.7531119e+01   8.8707260e+01   4.0879897e+01
   6.2572230e+01   3.4617682e+01   6.1188260e+01   5.0436522e+01
   8.4552680e+00   5.6039657e+01   7.4108650e+00   6.7977218e+01
   1.4616813e+01   2.9200934e+01   1.3290422e+01   4.4361640e+01
   6.2197790e+01   2.5164390e+01   6.1395350e+01   3.4336295e+01
   3.0722760e+00   1.5567728e+02   2.1613190e+00   1.6608957e+02
   8.1211750e+01   4.2742293e+01   7.9843210e+01   5.8384681e+01
   3.8497365e+01   1.0828067e+02   3.7644319e+01   1.1803103e+02
   5.7624360e+01   1.6536984e+02   5.6564460e+01   1.7748446e+02
   2.4293742e+01   7.2752334e+01   2.3048436e+01   8.6986236e+01
   8.0488970e+01   2.7826011e+01   7.9422620e+01   4.0014472e+01
   7.8341660e+01   8.0945533e+01   7.7241570e+01   9.3519599e+01
   7.4093740e+00   1.1872961e+02   6.6159360e+00   1.2779861e+02
   4.7375867e+01   2.0000000e+02   4.8169182e+01   1.9093237e+02
   7.1895180e+01   4.4599776e+01   7.0667550e+01   5.8631621e+01
   6.2211520e+01   1.6494936e+02   6.0926010e+01   1.7964273e+02
   2.5396760e+00   1.6388923e+01   1.6860310e+00   2.6146140e+01
   9.1783670e+01   1.8282445e+02   9.0401780e+01   1.9861956e+02
   6.7664780e+01   6.4569311e+00   6.6886950e+01   1.5347541e+01
   4.0080053e+01   4.1307715e+01   3.9258683e+01   5.0696006e+01
   7.0805770e+01   8.5187407e+01   6.9902890e+01   9.5507270e+01
   6.5702710e+01   1.3272484e+02   6.4810640e+01   1.4292126e+02
   3.1508321e+01   2.2369651e+01   3.0467549e+01   3.4265738e+01
   6.8084230e+01   4.3308280e+01   6.7278890e+01   5.2513389e+01
   6.5472250e+00   1.5685386e+02   5.2076750e+00   1.7216500e+02
   8.6958660e+01   7.3070745e+00   8.5601300e+01   2.2821677e+01
   7.5105270e+01   4.9447928e+01   7.3907430e+01   6.3139243e+01
   8.7889910e+01   1.2574794e+02   8.6616730e+01   1.4030044e+02
   2.5461420e+00   9.1905219e+01   1.7554310e+00   1.0094305e+02
   9.9349430e+00   2.3992194e+01   9.0469810e+00   3.4141654e+01
   5.1046920e+01   1.3378535e+02   4.9800403e+01   1.4803315e+02
   3.6005582e+01   1.7202954e+02   3.4630464e+01   1.8774720e+02
   1.2009536e+01   1.2594275e+01   1.1196115e+01   2.1891730e+01
   6.6794330e+01   1.6227015e+02   6.5910350e+01   1.7237410e+02
   4.9266437e+01   2.6857779e+01   4.7957010e+01   4.1824569e+01
   3.7077248e+01   6.5185874e+01   3.5730096e+01   8.0583877e+01
   3.7359675e+01   1.2646424e+02   3.6081980e+01   1.4106834e+02
   5.3357810e+01   8.2560683e+01   5.2186870e+01   9.5944564e+01
   4.6498034e+01   8.1716399e+01   4.5219057e+01   9.6335158e+01
   4.1259807e+01   2.0000000e+02   4.2551761e+01   1.8523291e+02
   8.9408380e+01   1.0259479e+02   8.8464420e+01   1.1338438e+02
   8.3732630e+01   1.6680327e+02   8.2791580e+01   1.7755959e+02
   2.7747674e+01   9.5270452e+00   2.6445049e+01   2.4416114e+01
   8.1988160e+01   5.3771506e+01   8.0709590e+01   6.8385596e+01
   8.5058570e+01   1.1597310e+02   8.4140060e+01   1.2647176e+02
   6.2267620e+01   1.1237562e+02   6.1199900e+01   1.2457971e+02
   6.1623850e+01   6.8392005e+01   6.0425020e+01   8.2094718e+01
   4.7749020e+01   1.3014490e+02   4.6660244e+01   1.4258965e+02
   3.7895921e+01   9.0011031e+01   3.6745402e+01   1.0316151e+02
   7.8696660e+01   1.0170579e+02   7.7875400e+01   1.1109288e+02
   4.3204827e+01   1.6714250e+02   4.2103293e+01   1.7973308e+02
   7.0334740e+01   2.7993994e+00   6.9179130e+01   1.6008002e+01
   9.1357880e+01   1.0218416e+02   9.0013570e+01   1.1754975e+02
   9.2970570e+01   1.3770430e+02   9.2056090e+01   1.4815680e+02
   8.4703350e+01   3.0712958e+01   8.3574000e+01   4.3621467e+01
   2.7112187e+01   1.8510645e+02   2.5948555e+01   1.9840681e+02
   2.0978009e+01   6.6754607e+01   1.9628558e+01   8.2178893e+01
   5.2789390e+01   5.3381080e+01   5.1408950e+01   6.9159583e+01
   9.8788050e+01   9.2482764e+01   9.7433790e+01   1.0796202e+02
   5.8771250e+01   8.7953612e+01   5.7947550e+01   9.7368575e+01
   1.8567832e+01   2.0000000e+02   1.9269460e+01   1.9198035e+02
   2.0755344e+01   3.0368812e+01   1.9932180e+01   3.9777625e+01
   8.2261600e+01   8.6292028e+00   8.1421010e+01   1.8237128e+01
   1.8441692e+01   3.6268256e+01   1.7450620e+01   4.7596259e+01
   9.8055380e+01   6.4768828e+01   9.6867670e+01   7.8344336e+01
